[DEBUG] 2024-07-12 08:38:51.051-MessageResourceConfig: Start loading message resources files...
[DEBUG] 2024-07-12 08:38:51.051-MessageResourceConfig: Done: Loading message resources files
[DEBUG] 2024-07-12 08:38:51.051-MessageResourceConfig: Start loading message resources files...
[DEBUG] 2024-07-12 08:38:51.051-MessageResourceConfig: Done: Loading message resources files
[DEBUG] 2024-07-12 08:38:51.051-MessageResourceConfig: Start loading message resources files...
[DEBUG] 2024-07-12 08:38:51.051-MessageResourceConfig: Done: Loading message resources files
[DEBUG] 2024-07-12 08:38:51.051-MessageResourceConfig: Start loading message resources files...
[DEBUG] 2024-07-12 08:38:51.051-MessageResourceConfig: Done: Loading message resources files
[INFO ] 2024-07-12 08:42:33.033-JwtAuthenticationFilter: Request path: https://localhost:8080/, Client IP: 127.0.0.1
[ERROR] 2024-07-12 08:42:33.033-JwtAuthenticationFilter: Error checking token: Invalid token.
[INFO ] 2024-07-12 08:42:33.033-JwtAuthenticationFilter: Request path: https://localhost:8080/favicon.ico, Client IP: 127.0.0.1
[ERROR] 2024-07-12 08:42:33.033-JwtAuthenticationFilter: Error checking token: Invalid token.
[DEBUG] 2024-07-12 08:53:21.021-MessageResourceConfig: Start loading message resources files...
[DEBUG] 2024-07-12 08:53:21.021-MessageResourceConfig: Done: Loading message resources files
[DEBUG] 2024-07-12 08:53:21.021-MessageResourceConfig: Start loading message resources files...
[DEBUG] 2024-07-12 08:53:21.021-MessageResourceConfig: Done: Loading message resources files
[DEBUG] 2024-07-12 08:53:21.021-MessageResourceConfig: Start loading message resources files...
[DEBUG] 2024-07-12 08:53:21.021-MessageResourceConfig: Done: Loading message resources files
[DEBUG] 2024-07-12 08:53:21.021-MessageResourceConfig: Start loading message resources files...
[DEBUG] 2024-07-12 08:53:21.021-MessageResourceConfig: Done: Loading message resources files
